-------------------------------------------------------------------------------
Test set: io.javabrains.springbootquickstart.courseapi.CourseApiApplicationTests
-------------------------------------------------------------------------------
Tests run: 1, Failures: 0, Errors: 1, Skipped: 0, Time elapsed: 4.647 s <<< FAILURE! - in io.javabrains.springbootquickstart.courseapi.CourseApiApplicationTests
contextLoads  Time elapsed: 0.033 s  <<< ERROR!
java.lang.IllegalStateException: Failed to load ApplicationContext for [WebMergedContextConfiguration@772caabe testClass = io.javabrains.springbootquickstart.courseapi.CourseApiApplicationTests, locations = [], classes = [io.javabrains.springbootquickstart.courseapi.CourseApiApplication], contextInitializerClasses = [], activeProfiles = [], propertySourceLocations = [], propertySourceProperties = ["org.springframework.boot.test.context.SpringBootTestContextBootstrapper=true"], contextCustomizers = [org.springframework.boot.test.context.filter.ExcludeFilterContextCustomizer@4b29d1d2, org.springframework.boot.test.json.DuplicateJsonObjectContextCustomizerFactory$DuplicateJsonObjectContextCustomizer@35dab4eb, org.springframework.boot.test.mock.mockito.MockitoContextCustomizer@0, org.springframework.boot.test.web.client.TestRestTemplateContextCustomizer@353352b6, org.springframework.boot.test.autoconfigure.actuate.observability.ObservabilityContextCustomizerFactory$DisableObservabilityContextCustomizer@9da1, org.springframework.boot.test.autoconfigure.properties.PropertyMappingContextCustomizer@0, org.springframework.boot.test.autoconfigure.web.servlet.WebDriverContextCustomizerFactory$Customizer@609e8838, org.springframework.boot.test.context.SpringBootTestAnnotation@b2ad8644], resourceBasePath = "src/main/webapp", contextLoader = org.springframework.boot.test.context.SpringBootContextLoader, parent = null]
Caused by: org.springframework.beans.factory.UnsatisfiedDependencyException: Error creating bean with name 'newTopicController' defined in file [D:\course-api\target\classes\io\javabrains\springbootquickstart\courseapi\newtopic\NewTopicController.class]: Unsatisfied dependency expressed through constructor parameter 0: Error creating bean with name 'newTopicService' defined in file [D:\course-api\target\classes\io\javabrains\springbootquickstart\courseapi\newtopic\NewTopicService.class]: Unsatisfied dependency expressed through constructor parameter 0: Error creating bean with name 'newTopicRepository' defined in io.javabrains.springbootquickstart.courseapi.newtopic.NewTopicRepository defined in @EnableJpaRepositories declared on CourseApiApplication: Cannot resolve reference to bean 'jpaSharedEM_entityManagerFactory' while setting bean property 'entityManager'
Caused by: org.springframework.beans.factory.UnsatisfiedDependencyException: Error creating bean with name 'newTopicService' defined in file [D:\course-api\target\classes\io\javabrains\springbootquickstart\courseapi\newtopic\NewTopicService.class]: Unsatisfied dependency expressed through constructor parameter 0: Error creating bean with name 'newTopicRepository' defined in io.javabrains.springbootquickstart.courseapi.newtopic.NewTopicRepository defined in @EnableJpaRepositories declared on CourseApiApplication: Cannot resolve reference to bean 'jpaSharedEM_entityManagerFactory' while setting bean property 'entityManager'
Caused by: org.springframework.beans.factory.BeanCreationException: Error creating bean with name 'newTopicRepository' defined in io.javabrains.springbootquickstart.courseapi.newtopic.NewTopicRepository defined in @EnableJpaRepositories declared on CourseApiApplication: Cannot resolve reference to bean 'jpaSharedEM_entityManagerFactory' while setting bean property 'entityManager'
Caused by: org.springframework.beans.factory.BeanCreationException: Error creating bean with name 'jpaSharedEM_entityManagerFactory': Cannot resolve reference to bean 'entityManagerFactory' while setting constructor argument
Caused by: org.springframework.beans.factory.NoSuchBeanDefinitionException: No bean named 'entityManagerFactory' available

